  Main.cpp
MSVCRTD.lib(debugger_jmc.obj) : error LNK2019: unresolved external symbol __imp__GetCurrentThreadId@0 referenced in function @__CheckForDebuggerJustMyCode@4
MSVCRTD.lib(gs_support.obj) : error LNK2001: unresolved external symbol __imp__GetCurrentThreadId@0
MSVCRTD.lib(exe_main.obj) : error LNK2019: unresolved external symbol _main referenced in function "int __cdecl invoke_main(void)" (?invoke_main@@YAHXZ)
MSVCRTD.lib(error.obj) : error LNK2019: unresolved external symbol __imp__IsDebuggerPresent@0 referenced in function "void __cdecl failwithmessage(void *,int,int,char const *)" (?failwithmessage@@YAXPAXHHPBD@Z)
MSVCRTD.lib(utility_desktop.obj) : error LNK2001: unresolved external symbol __imp__IsDebuggerPresent@0
MSVCRTD.lib(error.obj) : error LNK2019: unresolved external symbol __imp__RaiseException@16 referenced in function "void __cdecl notify_debugger(struct tagEXCEPTION_VISUALCPP_DEBUG_INFO const &)" (?notify_debugger@@YAXABUtagEXCEPTION_VISUALCPP_DEBUG_INFO@@@Z)
MSVCRTD.lib(error.obj) : error LNK2019: unresolved external symbol __imp__MultiByteToWideChar@24 referenced in function "void __cdecl failwithmessage(void *,int,int,char const *)" (?failwithmessage@@YAXPAXHHPBD@Z)
MSVCRTD.lib(error.obj) : error LNK2019: unresolved external symbol __imp__WideCharToMultiByte@32 referenced in function "void __cdecl failwithmessage(void *,int,int,char const *)" (?failwithmessage@@YAXPAXHHPBD@Z)
MSVCRTD.lib(gs_support.obj) : error LNK2019: unresolved external symbol __imp__QueryPerformanceCounter@4 referenced in function ___get_entropy
MSVCRTD.lib(gs_support.obj) : error LNK2019: unresolved external symbol __imp__GetCurrentProcessId@0 referenced in function ___get_entropy
MSVCRTD.lib(gs_support.obj) : error LNK2019: unresolved external symbol __imp__GetSystemTimeAsFileTime@4 referenced in function ___get_entropy
MSVCRTD.lib(tncleanup.obj) : error LNK2019: unresolved external symbol __imp__InitializeSListHead@4 referenced in function "void __cdecl __scrt_initialize_type_info(void)" (?__scrt_initialize_type_info@@YAXXZ)
MSVCRTD.lib(utility_desktop.obj) : error LNK2019: unresolved external symbol __imp__UnhandledExceptionFilter@4 referenced in function ___scrt_fastfail
MSVCRTD.lib(gs_report.obj) : error LNK2001: unresolved external symbol __imp__UnhandledExceptionFilter@4
MSVCRTD.lib(utility_desktop.obj) : error LNK2019: unresolved external symbol __imp__SetUnhandledExceptionFilter@4 referenced in function ___scrt_fastfail
MSVCRTD.lib(gs_report.obj) : error LNK2001: unresolved external symbol __imp__SetUnhandledExceptionFilter@4
MSVCRTD.lib(utility_desktop.obj) : error LNK2019: unresolved external symbol __imp__GetStartupInfoW@4 referenced in function ___scrt_get_show_window_mode
MSVCRTD.lib(utility_desktop.obj) : error LNK2019: unresolved external symbol _IsProcessorFeaturePresent@4 referenced in function ___scrt_fastfail
MSVCRTD.lib(cpu_disp.obj) : error LNK2001: unresolved external symbol _IsProcessorFeaturePresent@4
MSVCRTD.lib(gs_report.obj) : error LNK2001: unresolved external symbol _IsProcessorFeaturePresent@4
MSVCRTD.lib(utility_desktop.obj) : error LNK2019: unresolved external symbol __imp__GetModuleHandleW@4 referenced in function ___scrt_is_managed_app
MSVCRTD.lib(pdblkup.obj) : error LNK2019: unresolved external symbol __imp__GetLastError@0 referenced in function "struct HINSTANCE__ * __cdecl GetPdbDll(void)" (?GetPdbDll@@YAPAUHINSTANCE__@@XZ)
MSVCRTD.lib(pdblkup.obj) : error LNK2019: unresolved external symbol __imp__HeapAlloc@12 referenced in function "int __cdecl _RTC_GetSrcLine(unsigned char *,wchar_t *,unsigned long,int *,wchar_t *,unsigned long)" (?_RTC_GetSrcLine@@YAHPAEPA_WKPAH1K@Z)
MSVCRTD.lib(pdblkup.obj) : error LNK2019: unresolved external symbol __imp__HeapFree@12 referenced in function "int __cdecl _RTC_GetSrcLine(unsigned char *,wchar_t *,unsigned long,int *,wchar_t *,unsigned long)" (?_RTC_GetSrcLine@@YAHPAEPA_WKPAH1K@Z)
MSVCRTD.lib(pdblkup.obj) : error LNK2019: unresolved external symbol __imp__GetProcessHeap@0 referenced in function "int __cdecl _RTC_GetSrcLine(unsigned char *,wchar_t *,unsigned long,int *,wchar_t *,unsigned long)" (?_RTC_GetSrcLine@@YAHPAEPA_WKPAH1K@Z)
MSVCRTD.lib(pdblkup.obj) : error LNK2019: unresolved external symbol __imp__VirtualQuery@12 referenced in function "int __cdecl _RTC_GetSrcLine(unsigned char *,wchar_t *,unsigned long,int *,wchar_t *,unsigned long)" (?_RTC_GetSrcLine@@YAHPAEPA_WKPAH1K@Z)
MSVCRTD.lib(pdblkup.obj) : error LNK2019: unresolved external symbol __imp__FreeLibrary@4 referenced in function "struct HINSTANCE__ * __cdecl GetPdbDllFromInstallPath(void)" (?GetPdbDllFromInstallPath@@YAPAUHINSTANCE__@@XZ)
MSVCRTD.lib(pdblkup.obj) : error LNK2019: unresolved external symbol __imp__GetProcAddress@8 referenced in function "struct HINSTANCE__ * __cdecl GetPdbDllFromInstallPath(void)" (?GetPdbDllFromInstallPath@@YAPAUHINSTANCE__@@XZ)
MSVCRTD.lib(gs_report.obj) : error LNK2019: unresolved external symbol __imp__GetCurrentProcess@0 referenced in function ___raise_securityfailure
MSVCRTD.lib(gs_report.obj) : error LNK2019: unresolved external symbol __imp__TerminateProcess@8 referenced in function ___raise_securityfailure
C:\Program Files (x86)\Windows Kits\10\Lib\10.0.18362.0\um\x64\d3d12.lib : warning LNK4272: library machine type 'x64' conflicts with target machine type 'x86'
C:\Program Files (x86)\Windows Kits\10\Lib\10.0.18362.0\um\x64\dxgi.lib : warning LNK4272: library machine type 'x64' conflicts with target machine type 'x86'
C:\Program Files (x86)\Windows Kits\10\Lib\10.0.18362.0\um\x64\d3dcompiler.lib : warning LNK4272: library machine type 'x64' conflicts with target machine type 'x86'
C:\Program Files (x86)\Windows Kits\10\Lib\10.0.18362.0\um\x64\kernel32.lib : warning LNK4272: library machine type 'x64' conflicts with target machine type 'x86'
C:\Program Files (x86)\Windows Kits\10\Lib\10.0.18362.0\um\x64\user32.lib : warning LNK4272: library machine type 'x64' conflicts with target machine type 'x86'
C:\Program Files (x86)\Windows Kits\10\Lib\10.0.18362.0\um\x64\gdi32.lib : warning LNK4272: library machine type 'x64' conflicts with target machine type 'x86'
C:\Program Files (x86)\Windows Kits\10\Lib\10.0.18362.0\um\x64\winspool.lib : warning LNK4272: library machine type 'x64' conflicts with target machine type 'x86'
C:\Program Files (x86)\Windows Kits\10\Lib\10.0.18362.0\um\x64\comdlg32.lib : warning LNK4272: library machine type 'x64' conflicts with target machine type 'x86'
C:\Program Files (x86)\Windows Kits\10\Lib\10.0.18362.0\um\x64\advapi32.lib : warning LNK4272: library machine type 'x64' conflicts with target machine type 'x86'
C:\Program Files (x86)\Windows Kits\10\Lib\10.0.18362.0\um\x64\shell32.lib : warning LNK4272: library machine type 'x64' conflicts with target machine type 'x86'
C:\Program Files (x86)\Windows Kits\10\Lib\10.0.18362.0\um\x64\ole32.lib : warning LNK4272: library machine type 'x64' conflicts with target machine type 'x86'
C:\Program Files (x86)\Windows Kits\10\Lib\10.0.18362.0\um\x64\oleaut32.lib : warning LNK4272: library machine type 'x64' conflicts with target machine type 'x86'
C:\Program Files (x86)\Windows Kits\10\Lib\10.0.18362.0\um\x64\uuid.lib : warning LNK4272: library machine type 'x64' conflicts with target machine type 'x86'
C:\Program Files (x86)\Windows Kits\10\Lib\10.0.18362.0\um\x64\odbc32.lib : warning LNK4272: library machine type 'x64' conflicts with target machine type 'x86'
C:\Program Files (x86)\Windows Kits\10\Lib\10.0.18362.0\um\x64\odbccp32.lib : warning LNK4272: library machine type 'x64' conflicts with target machine type 'x86'
C:\Users\x1c\Desktop\dx12\Debug\dx12.exe : fatal error LNK1120: 24 unresolved externals
